Not searching for unused variables given on the command line.
[0mCMake Deprecation Warning at CMakeLists.txt:1 (cmake_minimum_required):
  Compatibility with CMake < 2.8.12 will be removed from a future version of
  CMake.

  Update the VERSION argument <min> value or use a ...<max> suffix to tell
  CMake that the project does not need compatibility with older versions.

[0m
[33mCMake Warning (dev) at CMakeLists.txt:2 (project):
  Policy CMP0048 is not set: project() command manages VERSION variables.
  Run "cmake --help-policy CMP0048" for policy details.  Use the cmake_policy
  command to set the policy and suppress this warning.

  The following variable(s) would be set to empty:

    CMAKE_PROJECT_VERSION
    CMAKE_PROJECT_VERSION_MAJOR
    CMAKE_PROJECT_VERSION_MINOR
    CMAKE_PROJECT_VERSION_PATCH
This warning is for project developers.  Use -Wno-dev to suppress it.
[0m
[36m--[0m Using CATKIN_DEVEL_PREFIX: /home/irobotics/ws_moveit/devel/.private/phantomx_reactor_arm_controller
[36m--[0m Using CMAKE_PREFIX_PATH: /home/irobotics/ws_moveit/devel;/opt/ros/noetic
[36m--[0m This workspace overlays: /home/irobotics/ws_moveit/devel;/opt/ros/noetic
[36m--[0m Found PythonInterp: /usr/bin/python3 (found suitable version "3.8.10", minimum required is "3")
[36m--[0m Using PYTHON_EXECUTABLE: /usr/bin/python3
[36m--[0m Using Debian Python package layout
[36m--[0m Using empy: /usr/lib/python3/dist-packages/em.py
[36m--[0m Using CATKIN_ENABLE_TESTING: ON
[36m--[0m Call enable_testing()
[36m--[0m Using CATKIN_TEST_RESULTS_DIR: /home/irobotics/ws_moveit/build/phantomx_reactor_arm_controller/test_results
[36m--[0m Forcing gtest/gmock from source, though one was otherwise available.
[36m--[0m Found gtest sources under '/usr/src/googletest': gtests will be built
[36m--[0m Found gmock sources under '/usr/src/googletest': gmock will be built
[0mCMake Deprecation Warning at /usr/src/googletest/CMakeLists.txt:4 (cmake_minimum_required):
  Compatibility with CMake < 2.8.12 will be removed from a future version of
  CMake.

  Update the VERSION argument <min> value or use a ...<max> suffix to tell
  CMake that the project does not need compatibility with older versions.

[0m
[0mCMake Deprecation Warning at /usr/src/googletest/googlemock/CMakeLists.txt:45 (cmake_minimum_required):
  Compatibility with CMake < 2.8.12 will be removed from a future version of
  CMake.

  Update the VERSION argument <min> value or use a ...<max> suffix to tell
  CMake that the project does not need compatibility with older versions.

[0m
[0mCMake Deprecation Warning at /usr/src/googletest/googletest/CMakeLists.txt:56 (cmake_minimum_required):
  Compatibility with CMake < 2.8.12 will be removed from a future version of
  CMake.

  Update the VERSION argument <min> value or use a ...<max> suffix to tell
  CMake that the project does not need compatibility with older versions.

[0m
[36m--[0m Found PythonInterp: /usr/bin/python3 (found version "3.8.10")
[36m--[0m Using Python nosetests: /usr/bin/nosetests3
[36m--[0m catkin 0.8.10
[36m--[0m BUILD_SHARED_LIBS is on
[36m--[0m Could NOT find dynamixel_controllers (missing: dynamixel_controllers_DIR)
[36m--[0m Could not find the required component 'dynamixel_controllers'. The following CMake error indicates that you either need to install the package with the same name or change your environment so that it can be found.
[36m--[0m Configuring incomplete, errors occurred!
See also "/home/irobotics/ws_moveit/build/phantomx_reactor_arm_controller/CMakeFiles/CMakeOutput.log".
See also "/home/irobotics/ws_moveit/build/phantomx_reactor_arm_controller/CMakeFiles/CMakeError.log".
[31mCMake Error at /opt/ros/noetic/share/catkin/cmake/catkinConfig.cmake:83 (find_package):
  Could not find a package configuration file provided by
  "dynamixel_controllers" with any of the following names:

    dynamixel_controllersConfig.cmake
    dynamixel_controllers-config.cmake

  Add the installation prefix of "dynamixel_controllers" to CMAKE_PREFIX_PATH
  or set "dynamixel_controllers_DIR" to a directory containing one of the
  above files.  If "dynamixel_controllers" provides a separate development
  package or SDK, be sure it has been installed.
[36mCall Stack (most recent call first):[0m
  CMakeLists.txt:4 (find_package)

[0m
