[  6%] Built target moveit_ros_planning_gencfg
[ 10%] Built target moveit_rdf_loader
[ 13%] Built target moveit_collision_plugin_loader
[ 16%] Built target moveit_kinematics_plugin_loader
[ 20%] Built target moveit_planning_pipeline
[ 23%] Built target moveit_constraint_sampler_manager_loader
[ 26%] Built target moveit_list_request_adapter_plugins
[ 43%] Built target moveit_default_planning_request_adapter_plugins
[ 43%] Built target dynamic_reconfigure_gencfg
[ 43%] Built target actionlib_generate_messages_py
[ 43%] Built target dynamic_reconfigure_generate_messages_cpp
[ 43%] Built target actionlib_generate_messages_nodejs
[ 43%] Built target actionlib_generate_messages_cpp
[ 43%] Built target dynamic_reconfigure_generate_messages_nodejs
[ 43%] Built target tf2_msgs_generate_messages_py
[ 43%] Built target tf2_msgs_generate_messages_lisp
[ 43%] Built target dynamic_reconfigure_generate_messages_lisp
[ 43%] Built target octomap_msgs_generate_messages_py
[ 43%] Built target tf2_msgs_generate_messages_cpp
[ 43%] Built target octomap_msgs_generate_messages_nodejs
[ 43%] Built target octomap_msgs_generate_messages_lisp
[ 43%] Built target octomap_msgs_generate_messages_cpp
[ 43%] Built target object_recognition_msgs_generate_messages_nodejs
[ 43%] Built target roscpp_generate_messages_eus
[ 43%] Built target visualization_msgs_generate_messages_nodejs
[ 43%] Built target visualization_msgs_generate_messages_lisp
[ 43%] Built target dynamic_reconfigure_generate_messages_eus
[ 43%] Built target geometry_msgs_generate_messages_nodejs
[ 43%] Built target visualization_msgs_generate_messages_eus
[ 43%] Built target moveit_msgs_generate_messages_py
[ 43%] Built target geometry_msgs_generate_messages_cpp
[ 43%] Built target object_recognition_msgs_generate_messages_lisp
[ 43%] Built target actionlib_msgs_generate_messages_cpp
[ 43%] Built target octomap_msgs_generate_messages_eus
[ 43%] Built target std_msgs_generate_messages_py
[ 43%] Built target object_recognition_msgs_generate_messages_cpp
[ 43%] Built target std_msgs_generate_messages_nodejs
[ 43%] Built target geometry_msgs_generate_messages_eus
[ 43%] Built target roscpp_generate_messages_cpp
[ 43%] Built target geometry_msgs_generate_messages_py
[ 43%] Built target tf2_msgs_generate_messages_eus
[ 43%] Built target sensor_msgs_generate_messages_py
[ 43%] Built target moveit_msgs_generate_messages_eus
[ 43%] Built target roscpp_generate_messages_nodejs
[ 43%] Built target geometry_msgs_generate_messages_lisp
[ 43%] Built target visualization_msgs_generate_messages_py
[ 43%] Built target actionlib_generate_messages_lisp
[ 43%] Built target shape_msgs_generate_messages_cpp
[ 43%] Built target roscpp_generate_messages_lisp
[ 43%] Built target _catkin_empty_exported_target
[ 43%] Built target std_msgs_generate_messages_lisp
[ 43%] Built target tf2_msgs_generate_messages_nodejs
[ 43%] Built target moveit_msgs_generate_messages_lisp
[ 43%] Built target rosgraph_msgs_generate_messages_lisp
[ 43%] Built target dynamic_reconfigure_generate_messages_py
[ 43%] Built target actionlib_msgs_generate_messages_eus
[ 43%] Built target shape_msgs_generate_messages_eus
[ 43%] Built target std_msgs_generate_messages_cpp
[ 43%] Built target rosgraph_msgs_generate_messages_py
[ 43%] Built target shape_msgs_generate_messages_nodejs
[ 43%] Built target shape_msgs_generate_messages_py
[ 43%] Built target actionlib_generate_messages_eus
[ 43%] Built target trajectory_msgs_generate_messages_py
[ 43%] Built target rosgraph_msgs_generate_messages_cpp
[ 43%] Built target object_recognition_msgs_generate_messages_py
[ 43%] Built target rosgraph_msgs_generate_messages_eus
[ 43%] Built target rosgraph_msgs_generate_messages_nodejs
[ 43%] Built target actionlib_msgs_generate_messages_py
[ 43%] Built target moveit_msgs_generate_messages_cpp
[ 43%] Built target moveit_msgs_generate_messages_nodejs
[ 43%] Built target std_msgs_generate_messages_eus
[ 43%] Built target actionlib_msgs_generate_messages_lisp
[ 43%] Built target actionlib_msgs_generate_messages_nodejs
[ 43%] Built target sensor_msgs_generate_messages_cpp
[ 43%] Built target trajectory_msgs_generate_messages_cpp
[ 43%] Built target visualization_msgs_generate_messages_cpp
[ 43%] Built target sensor_msgs_generate_messages_eus
[ 43%] Built target sensor_msgs_generate_messages_lisp
[ 43%] Built target sensor_msgs_generate_messages_nodejs
[ 43%] Built target roscpp_generate_messages_py
[ 43%] Built target trajectory_msgs_generate_messages_eus
[ 43%] Built target trajectory_msgs_generate_messages_nodejs
[ 43%] Built target shape_msgs_generate_messages_lisp
[ 43%] Built target trajectory_msgs_generate_messages_lisp
[ 43%] Built target object_recognition_msgs_generate_messages_eus
[ 46%] Built target moveit_robot_model_loader
[ 53%] Built target moveit_planning_scene_monitor
[ 56%] Built target moveit_print_planning_model_info
[ 60%] Built target moveit_kinematics_speed_and_validity_evaluator
[ 63%] Built target moveit_evaluate_state_operations_speed
[35m[1mConsolidate compiler generated dependencies of target moveit_trajectory_execution_manager[0m
[ 66%] Built target moveit_trajectory_execution_manager
[35m[1mConsolidate compiler generated dependencies of target demo_scene[0m
[35m[1mConsolidate compiler generated dependencies of target moveit_print_planning_scene_info[0m
[ 70%] Built target demo_scene
[35m[1mConsolidate compiler generated dependencies of target moveit_display_random_state[0m
[ 73%] Built target moveit_print_planning_scene_info
[35m[1mConsolidate compiler generated dependencies of target moveit_compare_collision_checking_speed_fcl_bullet[0m
[ 76%] Built target moveit_display_random_state
[35m[1mConsolidate compiler generated dependencies of target moveit_visualize_robot_collision_volume[0m
[ 80%] Built target moveit_visualize_robot_collision_volume
[35m[1mConsolidate compiler generated dependencies of target moveit_publish_scene_from_text[0m
[ 83%] Built target moveit_compare_collision_checking_speed_fcl_bullet
[35m[1mConsolidate compiler generated dependencies of target moveit_evaluate_collision_checking_speed[0m
[ 86%] Built target moveit_publish_scene_from_text
[ 90%] Built target moveit_evaluate_collision_checking_speed
[35m[1mConsolidate compiler generated dependencies of target moveit_plan_execution[0m
[35m[1mConsolidate compiler generated dependencies of target moveit_cpp[0m
[ 95%] Built target moveit_cpp
[100%] Built target moveit_plan_execution
