[35m[1mConsolidate compiler generated dependencies of target moveit_warehouse[0m
[  5%] [32m[1mLinking CXX shared library /home/irobotics/ws_moveit/devel/.private/moveit_ros_warehouse/lib/libmoveit_warehouse.so[0m
[ 40%] Built target moveit_warehouse
[35m[1mConsolidate compiler generated dependencies of target moveit_warehouse_save_as_text[0m
[ 45%] [32m[1mLinking CXX executable /home/irobotics/ws_moveit/devel/.private/moveit_ros_warehouse/lib/moveit_ros_warehouse/moveit_warehouse_save_as_text[0m
[35m[1mConsolidate compiler generated dependencies of target moveit_warehouse_broadcast[0m
[ 50%] [32m[1mLinking CXX executable /home/irobotics/ws_moveit/devel/.private/moveit_ros_warehouse/lib/moveit_ros_warehouse/moveit_warehouse_broadcast[0m
[ 55%] Built target moveit_warehouse_broadcast
[35m[1mConsolidate compiler generated dependencies of target moveit_save_to_warehouse[0m
[ 60%] [32m[1mLinking CXX executable /home/irobotics/ws_moveit/devel/.private/moveit_ros_warehouse/lib/moveit_ros_warehouse/moveit_save_to_warehouse[0m
[ 65%] Built target moveit_warehouse_save_as_text
[ 70%] Built target moveit_save_to_warehouse
[35m[1mConsolidate compiler generated dependencies of target moveit_warehouse_import_from_text[0m
[ 75%] [32m[1mLinking CXX executable /home/irobotics/ws_moveit/devel/.private/moveit_ros_warehouse/lib/moveit_ros_warehouse/moveit_warehouse_import_from_text[0m
[35m[1mConsolidate compiler generated dependencies of target moveit_init_demo_warehouse[0m
[ 80%] [32m[1mLinking CXX executable /home/irobotics/ws_moveit/devel/.private/moveit_ros_warehouse/lib/moveit_ros_warehouse/moveit_init_demo_warehouse[0m
[ 85%] Built target moveit_warehouse_import_from_text
[35m[1mConsolidate compiler generated dependencies of target moveit_warehouse_services[0m
[ 90%] [32m[1mLinking CXX executable /home/irobotics/ws_moveit/devel/.private/moveit_ros_warehouse/lib/moveit_ros_warehouse/moveit_warehouse_services[0m
[ 95%] Built target moveit_init_demo_warehouse
[100%] Built target moveit_warehouse_services
