[  0%] Built target geometry_msgs_generate_messages_py
[  0%] Built target object_recognition_msgs_generate_messages_eus
[  0%] Built target trajectory_msgs_generate_messages_lisp
[35m[1mConsolidate compiler generated dependencies of target pilz_industrial_motion_planner_lib[0m
[  0%] Built target shape_msgs_generate_messages_lisp
[  0%] Built target roscpp_generate_messages_py
[  0%] Built target sensor_msgs_generate_messages_nodejs
[  0%] Built target trajectory_msgs_generate_messages_cpp
[  0%] Built target sensor_msgs_generate_messages_cpp
[  0%] Built target actionlib_msgs_generate_messages_nodejs
[  0%] Built target actionlib_msgs_generate_messages_lisp
[  0%] Built target tf_generate_messages_py
[  0%] Built target moveit_msgs_generate_messages_nodejs
[  0%] Built target moveit_msgs_generate_messages_cpp
[  0%] Built target visualization_msgs_generate_messages_py
[ 18%] Built target pilz_industrial_motion_planner_lib
[ 18%] Built target actionlib_msgs_generate_messages_cpp
[ 18%] Built target rosgraph_msgs_generate_messages_cpp
[ 18%] Built target trajectory_msgs_generate_messages_py
[ 18%] Built target tf2_msgs_generate_messages_eus
[ 18%] Built target moveit_msgs_generate_messages_eus
[ 18%] Built target moveit_ros_planning_gencfg
[ 18%] Built target roscpp_generate_messages_nodejs
[ 18%] Built target object_recognition_msgs_generate_messages_lisp
[ 18%] Built target moveit_msgs_generate_messages_py
[ 18%] Built target octomap_msgs_generate_messages_eus
[ 18%] Built target visualization_msgs_generate_messages_eus
[ 18%] Built target geometry_msgs_generate_messages_cpp
[ 18%] Built target visualization_msgs_generate_messages_lisp
[ 18%] Built target geometry_msgs_generate_messages_nodejs
[ 18%] Built target dynamic_reconfigure_generate_messages_eus
[ 18%] Built target roscpp_generate_messages_eus
[ 18%] Built target roscpp_generate_messages_cpp
[ 18%] Built target visualization_msgs_generate_messages_nodejs
[ 18%] Built target shape_msgs_generate_messages_nodejs
[ 18%] Built target object_recognition_msgs_generate_messages_nodejs
[ 18%] Built target rosgraph_msgs_generate_messages_py
[ 18%] Built target actionlib_msgs_generate_messages_eus
[ 18%] Built target rosgraph_msgs_generate_messages_lisp
[ 18%] Built target dynamic_reconfigure_generate_messages_py
[ 18%] Built target tf_generate_messages_eus
[ 18%] Built target visualization_msgs_generate_messages_cpp
[ 18%] Built target std_srvs_generate_messages_cpp
[ 18%] Built target trajectory_msgs_generate_messages_eus
[ 18%] Built target sensor_msgs_generate_messages_lisp
[ 18%] Built target tf2_msgs_generate_messages_nodejs
[ 18%] Built target actionlib_msgs_generate_messages_py
[ 18%] Built target moveit_msgs_generate_messages_lisp
[ 18%] Built target object_recognition_msgs_generate_messages_py
[ 18%] Built target rosgraph_msgs_generate_messages_nodejs
[ 18%] Built target object_recognition_msgs_generate_messages_cpp
[ 18%] Built target std_msgs_generate_messages_cpp
[ 18%] Built target actionlib_generate_messages_lisp
[ 18%] Built target sensor_msgs_generate_messages_eus
[ 18%] Built target std_msgs_generate_messages_py
[ 18%] Built target shape_msgs_generate_messages_cpp
[ 18%] Built target moveit_ros_manipulation_gencfg
[ 18%] Built target geometry_msgs_generate_messages_lisp
[ 18%] Built target shape_msgs_generate_messages_eus
[ 18%] Built target std_msgs_generate_messages_nodejs
[ 18%] Built target geometry_msgs_generate_messages_eus
[ 18%] Built target octomap_msgs_generate_messages_cpp
[ 18%] Built target std_msgs_generate_messages_lisp
[ 18%] Built target octomap_msgs_generate_messages_lisp
[ 18%] Built target actionlib_generate_messages_eus
[ 18%] Built target octomap_msgs_generate_messages_nodejs
[ 18%] Built target tf2_msgs_generate_messages_cpp
[ 18%] Built target dynamic_reconfigure_generate_messages_lisp
[ 18%] Built target octomap_msgs_generate_messages_py
[ 18%] Built target tf2_msgs_generate_messages_py
[ 18%] Built target tf2_msgs_generate_messages_lisp
[ 18%] Built target dynamic_reconfigure_generate_messages_nodejs
[ 18%] Built target actionlib_generate_messages_cpp
[ 18%] Built target actionlib_generate_messages_nodejs
[ 18%] Built target actionlib_generate_messages_py
[ 18%] Built target std_srvs_generate_messages_py
[ 18%] Built target std_msgs_generate_messages_eus
[ 18%] Built target std_srvs_generate_messages_eus
[ 18%] Built target roscpp_generate_messages_lisp
[ 18%] Built target dynamic_reconfigure_gencfg
[ 18%] Built target std_srvs_generate_messages_nodejs
[ 18%] Built target tf_generate_messages_cpp
[ 18%] Built target trajectory_msgs_generate_messages_nodejs
[ 18%] Built target std_srvs_generate_messages_lisp
[ 18%] Built target tf_generate_messages_lisp
[ 18%] Built target shape_msgs_generate_messages_py
[ 18%] Built target tf_generate_messages_nodejs
[ 18%] Built target rosgraph_msgs_generate_messages_eus
[ 18%] Built target sensor_msgs_generate_messages_py
[ 18%] Built target dynamic_reconfigure_generate_messages_cpp
[35m[1mConsolidate compiler generated dependencies of target planning_context_loader_circ[0m
[35m[1mConsolidate compiler generated dependencies of target pilz_industrial_motion_planner[0m
[35m[1mConsolidate compiler generated dependencies of target planning_context_loader_ptp[0m
[35m[1mConsolidate compiler generated dependencies of target planning_context_loader_lin[0m
[ 31%] Built target pilz_industrial_motion_planner
[ 41%] Built target planning_context_loader_circ
[ 54%] Built target planning_context_loader_lin
[35m[1mConsolidate compiler generated dependencies of target pilz_industrial_motion_planner_testhelpers[0m
[ 66%] Built target planning_context_loader_ptp
[35m[1mConsolidate compiler generated dependencies of target command_list_manager[0m
[35m[1mConsolidate compiler generated dependencies of target sequence_capability[0m
[ 70%] Built target command_list_manager
[ 83%] Built target pilz_industrial_motion_planner_testhelpers
[100%] Built target sequence_capability
