[  5%] [32mBuilding CXX object CMakeFiles/reactor_hw_interface.dir/src/reactor_hw_interface.cpp.o[0m
[  5%] Built target dynamic_reconfigure_generate_messages_eus
[  5%] Built target _reactor_control_generate_messages_check_deps_reactorTelemetry
[  5%] Built target _reactor_control_generate_messages_check_deps_armCmd
[  5%] Built target std_msgs_generate_messages_py
[  5%] Built target std_msgs_generate_messages_lisp
[  5%] Built target std_msgs_generate_messages_eus
[  5%] Built target sensor_msgs_generate_messages_py
[  5%] Built target std_msgs_generate_messages_cpp
[  5%] Built target sensor_msgs_generate_messages_cpp
[  5%] Built target sensor_msgs_generate_messages_nodejs
[  5%] Built target dynamic_reconfigure_gencfg
[  5%] Built target dynamic_reconfigure_generate_messages_nodejs
[  5%] Built target dynamic_reconfigure_generate_messages_lisp
[  5%] Built target geometry_msgs_generate_messages_py
[  5%] Built target geometry_msgs_generate_messages_eus
[  5%] Built target geometry_msgs_generate_messages_lisp
[  5%] Built target std_msgs_generate_messages_nodejs
[  5%] Built target actionlib_generate_messages_py
[  5%] Built target control_msgs_generate_messages_eus
[  5%] Built target trajectory_msgs_generate_messages_nodejs
[  5%] Built target actionlib_generate_messages_nodejs
[  5%] Built target trajectory_msgs_generate_messages_cpp
[  5%] Built target control_toolbox_generate_messages_py
[  5%] Built target actionlib_msgs_generate_messages_py
[  5%] Built target rosgraph_msgs_generate_messages_nodejs
[  5%] Built target actionlib_generate_messages_cpp
[  5%] Built target _catkin_empty_exported_target
[  5%] Built target controller_manager_msgs_generate_messages_eus
[  5%] Built target actionlib_generate_messages_lisp
[  5%] Built target control_msgs_generate_messages_cpp
[  5%] Built target trajectory_msgs_generate_messages_lisp
[  5%] Built target actionlib_msgs_generate_messages_nodejs
[  5%] Built target actionlib_msgs_generate_messages_lisp
[  5%] Built target sensor_msgs_generate_messages_lisp
[  5%] Built target sensor_msgs_generate_messages_eus
[  5%] Built target control_msgs_generate_messages_lisp
[  5%] Built target rosgraph_msgs_generate_messages_eus
[  5%] Built target dynamic_reconfigure_generate_messages_py
[  5%] Built target control_msgs_generate_messages_nodejs
[  5%] Built target rosgraph_msgs_generate_messages_lisp
[  5%] Built target actionlib_msgs_generate_messages_eus
[  5%] Built target rosgraph_msgs_generate_messages_py
[ 15%] Built target reactor_control_generate_messages_nodejs
[ 15%] Built target control_msgs_generate_messages_py
[ 15%] Built target geometry_msgs_generate_messages_cpp
[ 15%] Built target roscpp_generate_messages_cpp
[ 15%] Built target control_toolbox_gencfg
[ 15%] Built target roscpp_generate_messages_eus
[ 15%] Built target roscpp_generate_messages_nodejs
[ 15%] Built target control_toolbox_generate_messages_nodejs
[ 15%] Built target roscpp_generate_messages_lisp
[ 15%] Built target controller_manager_msgs_generate_messages_lisp
[ 15%] Built target actionlib_generate_messages_eus
[ 15%] Built target rosgraph_msgs_generate_messages_cpp
[ 15%] Built target trajectory_msgs_generate_messages_py
[ 15%] Built target controller_manager_msgs_generate_messages_nodejs
[ 15%] Built target controller_manager_msgs_generate_messages_cpp
[ 15%] Built target actionlib_msgs_generate_messages_cpp
[ 15%] Built target controller_manager_msgs_generate_messages_py
[ 15%] Built target trajectory_msgs_generate_messages_eus
[ 15%] Built target roscpp_generate_messages_py
[ 15%] Built target control_toolbox_generate_messages_cpp
[ 15%] Built target control_toolbox_generate_messages_eus
[ 15%] Built target control_toolbox_generate_messages_lisp
[ 15%] Built target dynamic_reconfigure_generate_messages_cpp
[ 15%] Built target geometry_msgs_generate_messages_nodejs
[ 21%] [34m[1mGenerating Python from MSG reactor_control/reactorTelemetry[0m
[ 26%] [34m[1mGenerating Lisp code from reactor_control/reactorTelemetry.msg[0m
[ 31%] [34m[1mGenerating Lisp code from reactor_control/armCmd.msg[0m
[ 31%] Built target reactor_control_generate_messages_lisp
[ 36%] [34m[1mGenerating EusLisp code from reactor_control/reactorTelemetry.msg[0m
[ 42%] [34m[1mGenerating Python from MSG reactor_control/armCmd[0m
[ 47%] [34m[1mGenerating EusLisp code from reactor_control/armCmd.msg[0m
In file included from [01m[K/home/irobotics/ws_moveit/src/reactor_control/src/reactor_hw_interface.cpp:40[m[K:
[01m[K/home/irobotics/ws_moveit/src/reactor_control/include/reactor_control/reactor_hw_interface.h:46:10:[m[K [01;31m[Kfatal error: [m[KarmCmd.msg: No such file or directory
   46 | #include [01;31m[K<armCmd.msg>[m[K
      |          [01;31m[K^~~~~~~~~~~~[m[K
compilation terminated.
make[2]: *** [CMakeFiles/reactor_hw_interface.dir/build.make:76: CMakeFiles/reactor_hw_interface.dir/src/reactor_hw_interface.cpp.o] Error 1
make[1]: *** [CMakeFiles/Makefile2:219: CMakeFiles/reactor_hw_interface.dir/all] Error 2
make[1]: *** Waiting for unfinished jobs....
[ 52%] [34m[1mGenerating EusLisp manifest code for reactor_control[0m
[ 57%] [34m[1mGenerating Python msg __init__.py for reactor_control[0m
[ 57%] Built target reactor_control_generate_messages_py
[ 57%] Built target reactor_control_generate_messages_eus
make: *** [Makefile:146: all] Error 2
