[0mCMake Deprecation Warning at /usr/src/googletest/CMakeLists.txt:4 (cmake_minimum_required):
  Compatibility with CMake < 2.8.12 will be removed from a future version of
  CMake.

  Update the VERSION argument <min> value or use a ...<max> suffix to tell
  CMake that the project does not need compatibility with older versions.

[0m
[0mCMake Deprecation Warning at /usr/src/googletest/googlemock/CMakeLists.txt:45 (cmake_minimum_required):
  Compatibility with CMake < 2.8.12 will be removed from a future version of
  CMake.

  Update the VERSION argument <min> value or use a ...<max> suffix to tell
  CMake that the project does not need compatibility with older versions.

[0m
[0mCMake Deprecation Warning at /usr/src/googletest/googletest/CMakeLists.txt:56 (cmake_minimum_required):
  Compatibility with CMake < 2.8.12 will be removed from a future version of
  CMake.

  Update the VERSION argument <min> value or use a ...<max> suffix to tell
  CMake that the project does not need compatibility with older versions.

[0m
[31mCMake Error at /home/irobotics/ws_moveit/build/reactor_control/cmake/reactor_control-genmsg.cmake:3 (message):
  Could not find messages which
  '/home/irobotics/ws_moveit/src/reactor_control/msg/armCmd.msg' depends on.
  Did you forget to specify generate_messages(DEPENDENCIES ...)?

  Cannot locate message [float] in package [reactor_control] with paths
  [['/home/irobotics/ws_moveit/src/reactor_control/msg']]
[36mCall Stack (most recent call first):[0m
  /opt/ros/noetic/share/genmsg/cmake/genmsg-extras.cmake:307 (include)
  CMakeLists.txt:77 (generate_messages)

[0m
