/usr/bin/ld: /usr/lib/gcc/x86_64-linux-gnu/9/../../../x86_64-linux-gnu/Scrt1.o: in function `_start':
(.text+0x24): undefined reference to `main'
/usr/bin/ld: CMakeFiles/reactor_hw_interface.dir/src/reactor_hw_interface.cpp.o: in function `reactor_ns::ReactorHWInterface::init()':
reactor_hw_interface.cpp:(.text+0x4f5): undefined reference to `ros_control_boilerplate::GenericHWInterface::init()'
/usr/bin/ld: reactor_hw_interface.cpp:(.text+0x4fb): undefined reference to `ros::console::g_initialized'
/usr/bin/ld: reactor_hw_interface.cpp:(.text+0x551): undefined reference to `ros::console::initialize()'
/usr/bin/ld: reactor_hw_interface.cpp:(.text+0x694): undefined reference to `ros::console::initializeLogLocation(ros::console::LogLocation*, std::__cxx11::basic_string<char, std::char_traits<char>, std::allocator<char> > const&, ros::console::levels::Level)'
/usr/bin/ld: reactor_hw_interface.cpp:(.text+0x6dd): undefined reference to `ros::console::setLogLocationLevel(ros::console::LogLocation*, ros::console::levels::Level)'
/usr/bin/ld: reactor_hw_interface.cpp:(.text+0x6e9): undefined reference to `ros::console::checkLogLocationEnabled(ros::console::LogLocation*)'
/usr/bin/ld: reactor_hw_interface.cpp:(.text+0x72a): undefined reference to `ros::console::print(ros::console::FilterBase*, void*, ros::console::levels::Level, char const*, int, char const*, char const*, ...)'
/usr/bin/ld: CMakeFiles/reactor_hw_interface.dir/src/reactor_hw_interface.cpp.o: in function `reactor_ns::ReactorHWInterface::write(ros::Duration&)':
reactor_hw_interface.cpp:(.text+0x977): undefined reference to `ros::Publisher::Impl::isValid() const'
/usr/bin/ld: reactor_hw_interface.cpp:(.text+0x9c6): undefined reference to `ros::console::g_initialized'
/usr/bin/ld: reactor_hw_interface.cpp:(.text+0xa70): undefined reference to `ros::Publisher::publish(boost::function<ros::SerializedMessage ()> const&, ros::SerializedMessage&) const'
/usr/bin/ld: reactor_hw_interface.cpp:(.text+0xbe2): undefined reference to `ros::console::initialize()'
/usr/bin/ld: reactor_hw_interface.cpp:(.text+0xc83): undefined reference to `ros::console::print(ros::console::FilterBase*, void*, ros::console::levels::Level, char const*, int, char const*, char const*, ...)'
/usr/bin/ld: reactor_hw_interface.cpp:(.text+0xc9a): undefined reference to `ros::console::setLogLocationLevel(ros::console::LogLocation*, ros::console::levels::Level)'
/usr/bin/ld: reactor_hw_interface.cpp:(.text+0xca6): undefined reference to `ros::console::checkLogLocationEnabled(ros::console::LogLocation*)'
/usr/bin/ld: reactor_hw_interface.cpp:(.text+0xccb): undefined reference to `ros::console::initializeLogLocation(ros::console::LogLocation*, std::__cxx11::basic_string<char, std::char_traits<char>, std::allocator<char> > const&, ros::console::levels::Level)'
/usr/bin/ld: CMakeFiles/reactor_hw_interface.dir/src/reactor_hw_interface.cpp.o: in function `reactor_ns::ReactorHWInterface::ReactorHWInterface(ros::NodeHandle&, urdf::Model*)':
reactor_hw_interface.cpp:(.text+0xd4c): undefined reference to `ros_control_boilerplate::GenericHWInterface::GenericHWInterface(ros::NodeHandle const&, urdf::Model*)'
/usr/bin/ld: reactor_hw_interface.cpp:(.text+0xea3): undefined reference to `ros::Subscriber::~Subscriber()'
/usr/bin/ld: reactor_hw_interface.cpp:(.text+0x13f9): undefined reference to `ros::NodeHandle::advertise(ros::AdvertiseOptions&)'
/usr/bin/ld: reactor_hw_interface.cpp:(.text+0x14f4): undefined reference to `ros::Publisher::~Publisher()'
/usr/bin/ld: reactor_hw_interface.cpp:(.text+0x150f): undefined reference to `ros::console::g_initialized'
/usr/bin/ld: reactor_hw_interface.cpp:(.text+0x1722): undefined reference to `ros::console::print(ros::console::FilterBase*, void*, ros::console::levels::Level, char const*, int, char const*, char const*, ...)'
/usr/bin/ld: reactor_hw_interface.cpp:(.text+0x173d): undefined reference to `ros::console::setLogLocationLevel(ros::console::LogLocation*, ros::console::levels::Level)'
/usr/bin/ld: reactor_hw_interface.cpp:(.text+0x1749): undefined reference to `ros::console::checkLogLocationEnabled(ros::console::LogLocation*)'
/usr/bin/ld: reactor_hw_interface.cpp:(.text+0x1777): undefined reference to `ros::console::initializeLogLocation(ros::console::LogLocation*, std::__cxx11::basic_string<char, std::char_traits<char>, std::allocator<char> > const&, ros::console::levels::Level)'
/usr/bin/ld: reactor_hw_interface.cpp:(.text+0x1799): undefined reference to `ros::console::initialize()'
/usr/bin/ld: CMakeFiles/reactor_hw_interface.dir/src/reactor_hw_interface.cpp.o: in function `reactor_ns::ReactorHWInterface::read(ros::Duration&)':
reactor_hw_interface.cpp:(.text+0x325): undefined reference to `ros::spinOnce()'
/usr/bin/ld: CMakeFiles/reactor_hw_interface.dir/src/reactor_hw_interface.cpp.o: in function `ros_control_boilerplate::GenericHWInterface::read(ros::Time const&, ros::Duration const&)':
reactor_hw_interface.cpp:(.text._ZN23ros_control_boilerplate18GenericHWInterface4readERKN3ros4TimeERKNS1_8DurationE[_ZN23ros_control_boilerplate18GenericHWInterface4readERKN3ros4TimeERKNS1_8DurationE]+0x33): undefined reference to `ros::spinOnce()'
/usr/bin/ld: CMakeFiles/reactor_hw_interface.dir/src/reactor_hw_interface.cpp.o: in function `reactor_ns::ReactorHWInterface::ReactorHWInterface(ros::NodeHandle&, urdf::Model*) [clone .cold]':
reactor_hw_interface.cpp:(.text.unlikely+0xae): undefined reference to `ros::Publisher::~Publisher()'
/usr/bin/ld: reactor_hw_interface.cpp:(.text.unlikely+0xba): undefined reference to `ros::Subscriber::~Subscriber()'
/usr/bin/ld: CMakeFiles/reactor_hw_interface.dir/src/reactor_hw_interface.cpp.o: in function `ros::SerializedMessage ros::serialization::serializeMessage<reactor_control::armCmd_<std::allocator<void> > >(reactor_control::armCmd_<std::allocator<void> > const&)':
reactor_hw_interface.cpp:(.text._ZN3ros13serialization16serializeMessageIN15reactor_control7armCmd_ISaIvEEEEENS_17SerializedMessageERKT_[_ZN3ros13serialization16serializeMessageIN15reactor_control7armCmd_ISaIvEEEEENS_17SerializedMessageERKT_]+0x151): undefined reference to `ros::serialization::throwStreamOverrun()'
/usr/bin/ld: reactor_hw_interface.cpp:(.text._ZN3ros13serialization16serializeMessageIN15reactor_control7armCmd_ISaIvEEEEENS_17SerializedMessageERKT_[_ZN3ros13serialization16serializeMessageIN15reactor_control7armCmd_ISaIvEEEEENS_17SerializedMessageERKT_]+0x161): undefined reference to `ros::serialization::throwStreamOverrun()'
/usr/bin/ld: reactor_hw_interface.cpp:(.text._ZN3ros13serialization16serializeMessageIN15reactor_control7armCmd_ISaIvEEEEENS_17SerializedMessageERKT_[_ZN3ros13serialization16serializeMessageIN15reactor_control7armCmd_ISaIvEEEEENS_17SerializedMessageERKT_]+0x171): undefined reference to `ros::serialization::throwStreamOverrun()'
/usr/bin/ld: reactor_hw_interface.cpp:(.text._ZN3ros13serialization16serializeMessageIN15reactor_control7armCmd_ISaIvEEEEENS_17SerializedMessageERKT_[_ZN3ros13serialization16serializeMessageIN15reactor_control7armCmd_ISaIvEEEEENS_17SerializedMessageERKT_]+0x181): undefined reference to `ros::serialization::throwStreamOverrun()'
/usr/bin/ld: reactor_hw_interface.cpp:(.text._ZN3ros13serialization16serializeMessageIN15reactor_control7armCmd_ISaIvEEEEENS_17SerializedMessageERKT_[_ZN3ros13serialization16serializeMessageIN15reactor_control7armCmd_ISaIvEEEEENS_17SerializedMessageERKT_]+0x191): undefined reference to `ros::serialization::throwStreamOverrun()'
/usr/bin/ld: CMakeFiles/reactor_hw_interface.dir/src/reactor_hw_interface.cpp.o:reactor_hw_interface.cpp:(.text._ZN3ros13serialization16serializeMessageIN15reactor_control7armCmd_ISaIvEEEEENS_17SerializedMessageERKT_[_ZN3ros13serialization16serializeMessageIN15reactor_control7armCmd_ISaIvEEEEENS_17SerializedMessageERKT_]+0x1a1): more undefined references to `ros::serialization::throwStreamOverrun()' follow
/usr/bin/ld: CMakeFiles/reactor_hw_interface.dir/src/reactor_hw_interface.cpp.o: in function `hardware_interface::RobotHW::checkForConflict(std::__cxx11::list<hardware_interface::ControllerInfo, std::allocator<hardware_interface::ControllerInfo> > const&) const':
reactor_hw_interface.cpp:(.text._ZNK18hardware_interface7RobotHW16checkForConflictERKNSt7__cxx114listINS_14ControllerInfoESaIS3_EEE[_ZNK18hardware_interface7RobotHW16checkForConflictERKNSt7__cxx114listINS_14ControllerInfoESaIS3_EEE]+0xa9f): undefined reference to `ros::console::g_initialized'
/usr/bin/ld: reactor_hw_interface.cpp:(.text._ZNK18hardware_interface7RobotHW16checkForConflictERKNSt7__cxx114listINS_14ControllerInfoESaIS3_EEE[_ZNK18hardware_interface7RobotHW16checkForConflictERKNSt7__cxx114listINS_14ControllerInfoESaIS3_EEE]+0xb02): undefined reference to `ros::console::g_initialized'
/usr/bin/ld: reactor_hw_interface.cpp:(.text._ZNK18hardware_interface7RobotHW16checkForConflictERKNSt7__cxx114listINS_14ControllerInfoESaIS3_EEE[_ZNK18hardware_interface7RobotHW16checkForConflictERKNSt7__cxx114listINS_14ControllerInfoESaIS3_EEE]+0xb0a): undefined reference to `ros::console::initialize()'
/usr/bin/ld: reactor_hw_interface.cpp:(.text._ZNK18hardware_interface7RobotHW16checkForConflictERKNSt7__cxx114listINS_14ControllerInfoESaIS3_EEE[_ZNK18hardware_interface7RobotHW16checkForConflictERKNSt7__cxx114listINS_14ControllerInfoESaIS3_EEE]+0xb85): undefined reference to `ros::console::initializeLogLocation(ros::console::LogLocation*, std::__cxx11::basic_string<char, std::char_traits<char>, std::allocator<char> > const&, ros::console::levels::Level)'
/usr/bin/ld: reactor_hw_interface.cpp:(.text._ZNK18hardware_interface7RobotHW16checkForConflictERKNSt7__cxx114listINS_14ControllerInfoESaIS3_EEE[_ZNK18hardware_interface7RobotHW16checkForConflictERKNSt7__cxx114listINS_14ControllerInfoESaIS3_EEE]+0xc6f): undefined reference to `ros::console::print(ros::console::FilterBase*, void*, ros::console::levels::Level, char const*, int, char const*, char const*, ...)'
/usr/bin/ld: reactor_hw_interface.cpp:(.text._ZNK18hardware_interface7RobotHW16checkForConflictERKNSt7__cxx114listINS_14ControllerInfoESaIS3_EEE[_ZNK18hardware_interface7RobotHW16checkForConflictERKNSt7__cxx114listINS_14ControllerInfoESaIS3_EEE]+0xc8d): undefined reference to `ros::console::setLogLocationLevel(ros::console::LogLocation*, ros::console::levels::Level)'
/usr/bin/ld: reactor_hw_interface.cpp:(.text._ZNK18hardware_interface7RobotHW16checkForConflictERKNSt7__cxx114listINS_14ControllerInfoESaIS3_EEE[_ZNK18hardware_interface7RobotHW16checkForConflictERKNSt7__cxx114listINS_14ControllerInfoESaIS3_EEE]+0xc99): undefined reference to `ros::console::checkLogLocationEnabled(ros::console::LogLocation*)'
/usr/bin/ld: CMakeFiles/reactor_hw_interface.dir/src/reactor_hw_interface.cpp.o: in function `ros::Subscriber ros::NodeHandle::subscribe<reactor_control::reactorTelemetry_<std::allocator<void> >, reactor_ns::ReactorHWInterface>(std::__cxx11::basic_string<char, std::char_traits<char>, std::allocator<char> > const&, unsigned int, void (reactor_ns::ReactorHWInterface::*)(boost::shared_ptr<reactor_control::reactorTelemetry_<std::allocator<void> > const> const&), reactor_ns::ReactorHWInterface*, ros::TransportHints const&)':
reactor_hw_interface.cpp:(.text._ZN3ros10NodeHandle9subscribeIN15reactor_control17reactorTelemetry_ISaIvEEEN10reactor_ns18ReactorHWInterfaceEEENS_10SubscriberERKNSt7__cxx1112basic_stringIcSt11char_traitsIcESaIcEEEjMT0_FvRKN5boost10shared_ptrIKT_EEEPSH_RKNS_14TransportHintsE[_ZN3ros10NodeHandle9subscribeIN15reactor_control17reactorTelemetry_ISaIvEEEN10reactor_ns18ReactorHWInterfaceEEENS_10SubscriberERKNSt7__cxx1112basic_stringIcSt11char_traitsIcESaIcEEEjMT0_FvRKN5boost10shared_ptrIKT_EEEPSH_RKNS_14TransportHintsE]+0x2ed): undefined reference to `ros::NodeHandle::subscribe(ros::SubscribeOptions&)'
/usr/bin/ld: CMakeFiles/reactor_hw_interface.dir/src/reactor_hw_interface.cpp.o: in function `ros::SubscriptionCallbackHelperT<boost::shared_ptr<reactor_control::reactorTelemetry_<std::allocator<void> > const> const&, void>::deserialize(ros::SubscriptionCallbackHelperDeserializeParams const&)':
reactor_hw_interface.cpp:(.text._ZN3ros27SubscriptionCallbackHelperTIRKN5boost10shared_ptrIKN15reactor_control17reactorTelemetry_ISaIvEEEEEvE11deserializeERKNS_43SubscriptionCallbackHelperDeserializeParamsE[_ZN3ros27SubscriptionCallbackHelperTIRKN5boost10shared_ptrIKN15reactor_control17reactorTelemetry_ISaIvEEEEEvE11deserializeERKNS_43SubscriptionCallbackHelperDeserializeParamsE]+0x242): undefined reference to `ros::console::g_initialized'
/usr/bin/ld: reactor_hw_interface.cpp:(.text._ZN3ros27SubscriptionCallbackHelperTIRKN5boost10shared_ptrIKN15reactor_control17reactorTelemetry_ISaIvEEEEEvE11deserializeERKNS_43SubscriptionCallbackHelperDeserializeParamsE[_ZN3ros27SubscriptionCallbackHelperTIRKN5boost10shared_ptrIKN15reactor_control17reactorTelemetry_ISaIvEEEEEvE11deserializeERKNS_43SubscriptionCallbackHelperDeserializeParamsE]+0x289): undefined reference to `ros::serialization::throwStreamOverrun()'
/usr/bin/ld: reactor_hw_interface.cpp:(.text._ZN3ros27SubscriptionCallbackHelperTIRKN5boost10shared_ptrIKN15reactor_control17reactorTelemetry_ISaIvEEEEEvE11deserializeERKNS_43SubscriptionCallbackHelperDeserializeParamsE[_ZN3ros27SubscriptionCallbackHelperTIRKN5boost10shared_ptrIKN15reactor_control17reactorTelemetry_ISaIvEEEEEvE11deserializeERKNS_43SubscriptionCallbackHelperDeserializeParamsE]+0x299): undefined reference to `ros::serialization::throwStreamOverrun()'
/usr/bin/ld: reactor_hw_interface.cpp:(.text._ZN3ros27SubscriptionCallbackHelperTIRKN5boost10shared_ptrIKN15reactor_control17reactorTelemetry_ISaIvEEEEEvE11deserializeERKNS_43SubscriptionCallbackHelperDeserializeParamsE[_ZN3ros27SubscriptionCallbackHelperTIRKN5boost10shared_ptrIKN15reactor_control17reactorTelemetry_ISaIvEEEEEvE11deserializeERKNS_43SubscriptionCallbackHelperDeserializeParamsE]+0x2a9): undefined reference to `ros::serialization::throwStreamOverrun()'
/usr/bin/ld: reactor_hw_interface.cpp:(.text._ZN3ros27SubscriptionCallbackHelperTIRKN5boost10shared_ptrIKN15reactor_control17reactorTelemetry_ISaIvEEEEEvE11deserializeERKNS_43SubscriptionCallbackHelperDeserializeParamsE[_ZN3ros27SubscriptionCallbackHelperTIRKN5boost10shared_ptrIKN15reactor_control17reactorTelemetry_ISaIvEEEEEvE11deserializeERKNS_43SubscriptionCallbackHelperDeserializeParamsE]+0x2b9): undefined reference to `ros::serialization::throwStreamOverrun()'
/usr/bin/ld: reactor_hw_interface.cpp:(.text._ZN3ros27SubscriptionCallbackHelperTIRKN5boost10shared_ptrIKN15reactor_control17reactorTelemetry_ISaIvEEEEEvE11deserializeERKNS_43SubscriptionCallbackHelperDeserializeParamsE[_ZN3ros27SubscriptionCallbackHelperTIRKN5boost10shared_ptrIKN15reactor_control17reactorTelemetry_ISaIvEEEEEvE11deserializeERKNS_43SubscriptionCallbackHelperDeserializeParamsE]+0x2c9): undefined reference to `ros::serialization::throwStreamOverrun()'
/usr/bin/ld: CMakeFiles/reactor_hw_interface.dir/src/reactor_hw_interface.cpp.o:reactor_hw_interface.cpp:(.text._ZN3ros27SubscriptionCallbackHelperTIRKN5boost10shared_ptrIKN15reactor_control17reactorTelemetry_ISaIvEEEEEvE11deserializeERKNS_43SubscriptionCallbackHelperDeserializeParamsE[_ZN3ros27SubscriptionCallbackHelperTIRKN5boost10shared_ptrIKN15reactor_control17reactorTelemetry_ISaIvEEEEEvE11deserializeERKNS_43SubscriptionCallbackHelperDeserializeParamsE]+0x2d9): more undefined references to `ros::serialization::throwStreamOverrun()' follow
/usr/bin/ld: CMakeFiles/reactor_hw_interface.dir/src/reactor_hw_interface.cpp.o: in function `ros::SubscriptionCallbackHelperT<boost::shared_ptr<reactor_control::reactorTelemetry_<std::allocator<void> > const> const&, void>::deserialize(ros::SubscriptionCallbackHelperDeserializeParams const&)':
reactor_hw_interface.cpp:(.text._ZN3ros27SubscriptionCallbackHelperTIRKN5boost10shared_ptrIKN15reactor_control17reactorTelemetry_ISaIvEEEEEvE11deserializeERKNS_43SubscriptionCallbackHelperDeserializeParamsE[_ZN3ros27SubscriptionCallbackHelperTIRKN5boost10shared_ptrIKN15reactor_control17reactorTelemetry_ISaIvEEEEEvE11deserializeERKNS_43SubscriptionCallbackHelperDeserializeParamsE]+0x2f9): undefined reference to `ros::console::initialize()'
/usr/bin/ld: reactor_hw_interface.cpp:(.text._ZN3ros27SubscriptionCallbackHelperTIRKN5boost10shared_ptrIKN15reactor_control17reactorTelemetry_ISaIvEEEEEvE11deserializeERKNS_43SubscriptionCallbackHelperDeserializeParamsE[_ZN3ros27SubscriptionCallbackHelperTIRKN5boost10shared_ptrIKN15reactor_control17reactorTelemetry_ISaIvEEEEEvE11deserializeERKNS_43SubscriptionCallbackHelperDeserializeParamsE]+0x32b): undefined reference to `ros::console::initializeLogLocation(ros::console::LogLocation*, std::__cxx11::basic_string<char, std::char_traits<char>, std::allocator<char> > const&, ros::console::levels::Level)'
/usr/bin/ld: reactor_hw_interface.cpp:(.text._ZN3ros27SubscriptionCallbackHelperTIRKN5boost10shared_ptrIKN15reactor_control17reactorTelemetry_ISaIvEEEEEvE11deserializeERKNS_43SubscriptionCallbackHelperDeserializeParamsE[_ZN3ros27SubscriptionCallbackHelperTIRKN5boost10shared_ptrIKN15reactor_control17reactorTelemetry_ISaIvEEEEEvE11deserializeERKNS_43SubscriptionCallbackHelperDeserializeParamsE]+0x35a): undefined reference to `ros::console::setLogLocationLevel(ros::console::LogLocation*, ros::console::levels::Level)'
/usr/bin/ld: reactor_hw_interface.cpp:(.text._ZN3ros27SubscriptionCallbackHelperTIRKN5boost10shared_ptrIKN15reactor_control17reactorTelemetry_ISaIvEEEEEvE11deserializeERKNS_43SubscriptionCallbackHelperDeserializeParamsE[_ZN3ros27SubscriptionCallbackHelperTIRKN5boost10shared_ptrIKN15reactor_control17reactorTelemetry_ISaIvEEEEEvE11deserializeERKNS_43SubscriptionCallbackHelperDeserializeParamsE]+0x366): undefined reference to `ros::console::checkLogLocationEnabled(ros::console::LogLocation*)'
/usr/bin/ld: reactor_hw_interface.cpp:(.text._ZN3ros27SubscriptionCallbackHelperTIRKN5boost10shared_ptrIKN15reactor_control17reactorTelemetry_ISaIvEEEEEvE11deserializeERKNS_43SubscriptionCallbackHelperDeserializeParamsE[_ZN3ros27SubscriptionCallbackHelperTIRKN5boost10shared_ptrIKN15reactor_control17reactorTelemetry_ISaIvEEEEEvE11deserializeERKNS_43SubscriptionCallbackHelperDeserializeParamsE]+0x3ba): undefined reference to `ros::console::print(ros::console::FilterBase*, void*, ros::console::levels::Level, char const*, int, char const*, char const*, ...)'
/usr/bin/ld: CMakeFiles/reactor_hw_interface.dir/src/reactor_hw_interface.cpp.o: in function `ros_control_boilerplate::GenericHWInterface::~GenericHWInterface()':
reactor_hw_interface.cpp:(.text._ZN23ros_control_boilerplate18GenericHWInterfaceD2Ev[_ZN23ros_control_boilerplate18GenericHWInterfaceD5Ev]+0x9): undefined reference to `vtable for ros_control_boilerplate::GenericHWInterface'
/usr/bin/ld: reactor_hw_interface.cpp:(.text._ZN23ros_control_boilerplate18GenericHWInterfaceD2Ev[_ZN23ros_control_boilerplate18GenericHWInterfaceD5Ev]+0x7a5): undefined reference to `ros::NodeHandle::~NodeHandle()'
/usr/bin/ld: CMakeFiles/reactor_hw_interface.dir/src/reactor_hw_interface.cpp.o: in function `reactor_ns::ReactorHWInterface::~ReactorHWInterface()':
reactor_hw_interface.cpp:(.text._ZN10reactor_ns18ReactorHWInterfaceD2Ev[_ZN10reactor_ns18ReactorHWInterfaceD5Ev]+0x1e): undefined reference to `ros::Publisher::~Publisher()'
/usr/bin/ld: reactor_hw_interface.cpp:(.text._ZN10reactor_ns18ReactorHWInterfaceD2Ev[_ZN10reactor_ns18ReactorHWInterfaceD5Ev]+0x2a): undefined reference to `ros::Subscriber::~Subscriber()'
/usr/bin/ld: CMakeFiles/reactor_hw_interface.dir/src/reactor_hw_interface.cpp.o: in function `reactor_ns::ReactorHWInterface::~ReactorHWInterface()':
reactor_hw_interface.cpp:(.text._ZN10reactor_ns18ReactorHWInterfaceD0Ev[_ZN10reactor_ns18ReactorHWInterfaceD5Ev]+0x1e): undefined reference to `ros::Publisher::~Publisher()'
/usr/bin/ld: reactor_hw_interface.cpp:(.text._ZN10reactor_ns18ReactorHWInterfaceD0Ev[_ZN10reactor_ns18ReactorHWInterfaceD5Ev]+0x2a): undefined reference to `ros::Subscriber::~Subscriber()'
/usr/bin/ld: CMakeFiles/reactor_hw_interface.dir/src/reactor_hw_interface.cpp.o:(.data.rel.ro._ZTIN10reactor_ns18ReactorHWInterfaceE[_ZTIN10reactor_ns18ReactorHWInterfaceE]+0x10): undefined reference to `typeinfo for ros_control_boilerplate::GenericHWInterface'
/usr/bin/ld: CMakeFiles/reactor_hw_interface.dir/src/reactor_hw_interface.cpp.o:(.data.rel.ro._ZTVN10reactor_ns18ReactorHWInterfaceE[_ZTVN10reactor_ns18ReactorHWInterfaceE]+0x78): undefined reference to `ros_control_boilerplate::GenericHWInterface::reset()'
/usr/bin/ld: CMakeFiles/reactor_hw_interface.dir/src/reactor_hw_interface.cpp.o:(.data.rel.ro._ZTVN10reactor_ns18ReactorHWInterfaceE[_ZTVN10reactor_ns18ReactorHWInterfaceE]+0x88): undefined reference to `ros_control_boilerplate::GenericHWInterface::registerJointLimits(hardware_interface::JointHandle const&, hardware_interface::JointHandle const&, hardware_interface::JointHandle const&, unsigned long)'
/usr/bin/ld: CMakeFiles/reactor_hw_interface.dir/src/reactor_hw_interface.cpp.o:(.data.rel.ro._ZTVN10reactor_ns18ReactorHWInterfaceE[_ZTVN10reactor_ns18ReactorHWInterfaceE]+0x98): undefined reference to `ros_control_boilerplate::GenericHWInterface::printState()'
/usr/bin/ld: CMakeFiles/reactor_hw_interface.dir/src/reactor_hw_interface.cpp.o:(.data.rel.ro._ZTVN10reactor_ns18ReactorHWInterfaceE[_ZTVN10reactor_ns18ReactorHWInterfaceE]+0xa0): undefined reference to `ros_control_boilerplate::GenericHWInterface::loadURDF(ros::NodeHandle const&, std::__cxx11::basic_string<char, std::char_traits<char>, std::allocator<char> >)'
collect2: error: ld returned 1 exit status
make[2]: *** [CMakeFiles/reactor_hw_interface.dir/build.make:97: /home/irobotics/ws_moveit/devel/.private/reactor_control/lib/reactor_control/reactor_hw_interface] Error 1
make[1]: *** [CMakeFiles/Makefile2:219: CMakeFiles/reactor_hw_interface.dir/all] Error 2
make: *** [Makefile:146: all] Error 2
