[  1%] [34m[1mAutomatic MOC for target moveit_rviz_plugin_render_tools[0m
[  1%] Built target moveit_rviz_plugin_render_tools_autogen
[  3%] [32mBuilding CXX object rviz_plugin_render_tools/CMakeFiles/moveit_rviz_plugin_render_tools.dir/src/render_shapes.cpp.o[0m
[  5%] [32mBuilding CXX object rviz_plugin_render_tools/CMakeFiles/moveit_rviz_plugin_render_tools.dir/moveit_rviz_plugin_render_tools_autogen/mocs_compilation.cpp.o[0m
[  7%] [32mBuilding CXX object rviz_plugin_render_tools/CMakeFiles/moveit_rviz_plugin_render_tools.dir/src/planning_scene_render.cpp.o[0m
[  9%] [32mBuilding CXX object rviz_plugin_render_tools/CMakeFiles/moveit_rviz_plugin_render_tools.dir/src/robot_state_visualization.cpp.o[0m
[ 10%] [32mBuilding CXX object rviz_plugin_render_tools/CMakeFiles/moveit_rviz_plugin_render_tools.dir/src/planning_link_updater.cpp.o[0m
[ 12%] [32mBuilding CXX object rviz_plugin_render_tools/CMakeFiles/moveit_rviz_plugin_render_tools.dir/src/octomap_render.cpp.o[0m
[ 14%] [32mBuilding CXX object rviz_plugin_render_tools/CMakeFiles/moveit_rviz_plugin_render_tools.dir/src/trajectory_visualization.cpp.o[0m
[ 16%] [32mBuilding CXX object rviz_plugin_render_tools/CMakeFiles/moveit_rviz_plugin_render_tools.dir/src/trajectory_panel.cpp.o[0m
[ 18%] [32m[1mLinking CXX shared library /home/irobotics/ws_moveit/devel/.private/moveit_ros_visualization/lib/libmoveit_rviz_plugin_render_tools.so[0m
[ 18%] Built target moveit_rviz_plugin_render_tools
[ 20%] [34m[1mAutomatic MOC for target moveit_planning_scene_rviz_plugin_core[0m
[ 21%] [34m[1mAutomatic MOC for target moveit_robot_state_rviz_plugin_core[0m
[ 21%] Built target moveit_planning_scene_rviz_plugin_core_autogen
[ 25%] [32mBuilding CXX object planning_scene_rviz_plugin/CMakeFiles/moveit_planning_scene_rviz_plugin_core.dir/moveit_planning_scene_rviz_plugin_core_autogen/mocs_compilation.cpp.o[0m
[ 25%] [32mBuilding CXX object planning_scene_rviz_plugin/CMakeFiles/moveit_planning_scene_rviz_plugin_core.dir/src/planning_scene_display.cpp.o[0m
[ 25%] Built target moveit_robot_state_rviz_plugin_core_autogen
[ 27%] [32mBuilding CXX object robot_state_rviz_plugin/CMakeFiles/moveit_robot_state_rviz_plugin_core.dir/moveit_robot_state_rviz_plugin_core_autogen/mocs_compilation.cpp.o[0m
[ 29%] [32mBuilding CXX object robot_state_rviz_plugin/CMakeFiles/moveit_robot_state_rviz_plugin_core.dir/src/robot_state_display.cpp.o[0m
[ 30%] [32m[1mLinking CXX shared library /home/irobotics/ws_moveit/devel/.private/moveit_ros_visualization/lib/libmoveit_robot_state_rviz_plugin_core.so[0m
[ 30%] Built target moveit_robot_state_rviz_plugin_core
[ 32%] [34m[1mAutomatic MOC for target moveit_robot_state_rviz_plugin[0m
[ 32%] Built target moveit_robot_state_rviz_plugin_autogen
[ 34%] [32mBuilding CXX object robot_state_rviz_plugin/CMakeFiles/moveit_robot_state_rviz_plugin.dir/moveit_robot_state_rviz_plugin_autogen/mocs_compilation.cpp.o[0m
[ 36%] [32mBuilding CXX object robot_state_rviz_plugin/CMakeFiles/moveit_robot_state_rviz_plugin.dir/src/plugin_init.cpp.o[0m
[ 38%] [32m[1mLinking CXX shared library /home/irobotics/ws_moveit/devel/.private/moveit_ros_visualization/lib/libmoveit_planning_scene_rviz_plugin_core.so[0m
[ 38%] Built target moveit_planning_scene_rviz_plugin_core
[ 40%] [34m[1mAutomatic MOC for target moveit_planning_scene_rviz_plugin[0m
[ 41%] [34m[1mAutomatic MOC for target moveit_trajectory_rviz_plugin_core[0m
[ 43%] [34m[1mAutomatic MOC for target moveit_motion_planning_rviz_plugin_core[0m
[ 43%] Built target moveit_planning_scene_rviz_plugin_autogen
[ 45%] [32mBuilding CXX object planning_scene_rviz_plugin/CMakeFiles/moveit_planning_scene_rviz_plugin.dir/moveit_planning_scene_rviz_plugin_autogen/mocs_compilation.cpp.o[0m
[ 47%] [32mBuilding CXX object planning_scene_rviz_plugin/CMakeFiles/moveit_planning_scene_rviz_plugin.dir/src/plugin_init.cpp.o[0m
[ 47%] Built target moveit_trajectory_rviz_plugin_core_autogen
