[  0%] Built target std_msgs_generate_messages_eus
[  0%] Built target geometry_msgs_generate_messages_nodejs
[  0%] Built target geometry_msgs_generate_messages_cpp
[  0%] Built target std_msgs_generate_messages_nodejs
[  0%] Built target geometry_msgs_generate_messages_eus
[  0%] Built target std_msgs_generate_messages_cpp
[  0%] Built target geometry_msgs_generate_messages_lisp
[  0%] Built target sensor_msgs_generate_messages_py
[  0%] Built target geometry_msgs_generate_messages_py
[  0%] Built target sensor_msgs_generate_messages_nodejs
[  0%] Built target std_msgs_generate_messages_lisp
[  0%] Built target std_msgs_generate_messages_py
[  0%] Built target sensor_msgs_generate_messages_cpp
[  0%] Built target sensor_msgs_generate_messages_lisp
[35m[1mConsolidate compiler generated dependencies of target moveit_point_containment_filter[0m
[  0%] Built target sensor_msgs_generate_messages_eus
[  4%] [32m[1mLinking CXX shared library /home/irobotics/ws_moveit/devel/.private/moveit_ros_perception/lib/libmoveit_point_containment_filter.so[0m
[35m[1mConsolidate compiler generated dependencies of target moveit_mesh_filter[0m
[  8%] [32m[1mLinking CXX shared library /home/irobotics/ws_moveit/devel/.private/moveit_ros_perception/lib/libmoveit_mesh_filter.so[0m
[ 13%] Built target moveit_point_containment_filter
[ 13%] Built target object_recognition_msgs_generate_messages_nodejs
[ 13%] Built target bond_generate_messages_py
[ 13%] Built target bond_generate_messages_lisp
[ 13%] Built target bond_generate_messages_eus
[ 13%] Built target nodelet_generate_messages_py
[ 13%] Built target nodelet_generate_messages_nodejs
[ 13%] Built target nodelet_generate_messages_eus
[ 34%] Built target moveit_mesh_filter
[ 34%] Built target nodelet_generate_messages_cpp
[ 34%] Built target dynamic_reconfigure_gencfg
[ 34%] Built target dynamic_reconfigure_generate_messages_cpp
[ 34%] Built target actionlib_generate_messages_py
[ 34%] Built target actionlib_generate_messages_nodejs
[ 34%] Built target actionlib_generate_messages_cpp
[ 34%] Built target bond_generate_messages_cpp
[ 34%] Built target dynamic_reconfigure_generate_messages_nodejs
[ 34%] Built target tf2_msgs_generate_messages_py
[ 34%] Built target tf2_msgs_generate_messages_lisp
[ 34%] Built target dynamic_reconfigure_generate_messages_lisp
[ 34%] Built target tf2_msgs_generate_messages_cpp
[ 34%] Built target bond_generate_messages_nodejs
[ 34%] Built target octomap_msgs_generate_messages_py
[ 34%] Built target octomap_msgs_generate_messages_nodejs
[ 34%] Built target octomap_msgs_generate_messages_lisp
[ 34%] Built target octomap_msgs_generate_messages_cpp
[ 34%] Built target visualization_msgs_generate_messages_nodejs
[ 34%] Built target visualization_msgs_generate_messages_lisp
[ 34%] Built target dynamic_reconfigure_generate_messages_eus
[ 34%] Built target visualization_msgs_generate_messages_eus
[ 34%] Built target moveit_msgs_generate_messages_py
[ 34%] Built target object_recognition_msgs_generate_messages_lisp
[ 34%] Built target actionlib_msgs_generate_messages_cpp
[ 34%] Built target octomap_msgs_generate_messages_eus
[ 34%] Built target object_recognition_msgs_generate_messages_cpp
[ 34%] Built target shape_msgs_generate_messages_eus
[ 34%] Built target shape_msgs_generate_messages_cpp
[ 34%] Built target actionlib_generate_messages_lisp
[ 34%] Built target nodelet_generate_messages_lisp
[ 34%] Built target roscpp_generate_messages_lisp
[ 34%] Built target tf2_msgs_generate_messages_eus
[ 34%] Built target moveit_msgs_generate_messages_eus
[ 34%] Built target tf2_msgs_generate_messages_nodejs
[ 34%] Built target moveit_msgs_generate_messages_lisp
[ 34%] Built target rosgraph_msgs_generate_messages_lisp
[ 34%] Built target dynamic_reconfigure_generate_messages_py
[ 34%] Built target actionlib_msgs_generate_messages_eus
[ 34%] Built target shape_msgs_generate_messages_nodejs
[ 34%] Built target rosgraph_msgs_generate_messages_py
[ 34%] Built target visualization_msgs_generate_messages_cpp
[ 34%] Built target roscpp_generate_messages_cpp
[ 34%] Built target shape_msgs_generate_messages_py
[ 34%] Built target visualization_msgs_generate_messages_py
[ 34%] Built target roscpp_generate_messages_eus
[ 34%] Built target actionlib_generate_messages_eus
[ 34%] Built target roscpp_generate_messages_nodejs
[ 34%] Built target rosgraph_msgs_generate_messages_cpp
[ 34%] Built target trajectory_msgs_generate_messages_py
[ 34%] Built target moveit_ros_planning_gencfg
[ 34%] Built target object_recognition_msgs_generate_messages_py
[ 34%] Built target rosgraph_msgs_generate_messages_eus
[ 34%] Built target rosgraph_msgs_generate_messages_nodejs
[ 34%] Built target moveit_msgs_generate_messages_cpp
[ 34%] Built target actionlib_msgs_generate_messages_py
[ 34%] Built target moveit_msgs_generate_messages_nodejs
[ 34%] Built target actionlib_msgs_generate_messages_lisp
[ 34%] Built target actionlib_msgs_generate_messages_nodejs
[ 34%] Built target trajectory_msgs_generate_messages_cpp
[ 34%] Built target roscpp_generate_messages_py
[ 34%] Built target trajectory_msgs_generate_messages_eus
[ 34%] Built target trajectory_msgs_generate_messages_nodejs
[ 34%] Built target shape_msgs_generate_messages_lisp
[35m[1mConsolidate compiler generated dependencies of target moveit_lazy_free_space_updater[0m
[ 34%] Built target trajectory_msgs_generate_messages_lisp
[ 34%] Built target object_recognition_msgs_generate_messages_eus
[35m[1mConsolidate compiler generated dependencies of target moveit_pointcloud_octomap_updater_core[0m
[ 39%] [32m[1mLinking CXX shared library /home/irobotics/ws_moveit/devel/.private/moveit_ros_perception/lib/libmoveit_lazy_free_space_updater.so[0m
[35m[1mConsolidate compiler generated dependencies of target moveit_depth_self_filter[0m
[ 43%] [32m[1mLinking CXX shared library /home/irobotics/ws_moveit/devel/.private/moveit_ros_perception/lib/libmoveit_pointcloud_octomap_updater_core.so[0m
[ 47%] [32m[1mLinking CXX shared library /home/irobotics/ws_moveit/devel/.private/moveit_ros_perception/lib/libmoveit_depth_self_filter.so[0m
[35m[1mConsolidate compiler generated dependencies of target moveit_semantic_world[0m
[ 52%] [32m[1mLinking CXX shared library /home/irobotics/ws_moveit/devel/.private/moveit_ros_perception/lib/libmoveit_semantic_world.so[0m
[ 56%] Built target moveit_lazy_free_space_updater
[35m[1mConsolidate compiler generated dependencies of target moveit_depth_image_octomap_updater_core[0m
[ 60%] [32m[1mLinking CXX shared library /home/irobotics/ws_moveit/devel/.private/moveit_ros_perception/lib/libmoveit_depth_image_octomap_updater_core.so[0m
[ 65%] Built target moveit_pointcloud_octomap_updater_core
[35m[1mConsolidate compiler generated dependencies of target moveit_pointcloud_octomap_updater[0m
[ 69%] [32m[1mLinking CXX shared library /home/irobotics/ws_moveit/devel/.private/moveit_ros_perception/lib/libmoveit_pointcloud_octomap_updater.so[0m
[ 73%] Built target moveit_semantic_world
[ 78%] Built target moveit_depth_image_octomap_updater_core
[35m[1mConsolidate compiler generated dependencies of target moveit_depth_image_octomap_updater[0m
[ 82%] [32m[1mLinking CXX shared library /home/irobotics/ws_moveit/devel/.private/moveit_ros_perception/lib/libmoveit_depth_image_octomap_updater.so[0m
[ 86%] Built target moveit_pointcloud_octomap_updater
[ 95%] Built target moveit_depth_self_filter
[100%] Built target moveit_depth_image_octomap_updater
