[35m[1mConsolidate compiler generated dependencies of target moveit_kdl_kinematics_plugin[0m
[35m[1mConsolidate compiler generated dependencies of target moveit_lma_kinematics_plugin[0m
[35m[1mConsolidate compiler generated dependencies of target moveit_srv_kinematics_plugin[0m
[35m[1mConsolidate compiler generated dependencies of target moveit_cached_ik_kinematics_base[0m
[  5%] [32m[1mLinking CXX shared library /home/irobotics/ws_moveit/devel/.private/moveit_kinematics/lib/libmoveit_kdl_kinematics_plugin.so[0m
[ 11%] [32m[1mLinking CXX shared library /home/irobotics/ws_moveit/devel/.private/moveit_kinematics/lib/libmoveit_srv_kinematics_plugin.so[0m
[ 17%] [32m[1mLinking CXX shared library /home/irobotics/ws_moveit/devel/.private/moveit_kinematics/lib/libmoveit_cached_ik_kinematics_base.so[0m
[ 23%] [32m[1mLinking CXX shared library /home/irobotics/ws_moveit/devel/.private/moveit_kinematics/lib/libmoveit_lma_kinematics_plugin.so[0m
[ 29%] Built target moveit_cached_ik_kinematics_base
[35m[1mConsolidate compiler generated dependencies of target benchmark_ik[0m
[ 35%] [32m[1mLinking CXX executable /home/irobotics/ws_moveit/devel/.private/moveit_kinematics/lib/moveit_kinematics/benchmark_ik[0m
[ 47%] Built target moveit_kdl_kinematics_plugin
[35m[1mConsolidate compiler generated dependencies of target gtest[0m
[ 58%] Built target gtest
[35m[1mConsolidate compiler generated dependencies of target test_kinematics_plugin[0m
[ 64%] Built target moveit_lma_kinematics_plugin
[ 70%] Built target moveit_srv_kinematics_plugin
[ 76%] [32m[1mLinking CXX executable /home/irobotics/ws_moveit/devel/.private/moveit_kinematics/lib/moveit_kinematics/test_kinematics_plugin[0m
[35m[1mConsolidate compiler generated dependencies of target moveit_cached_ik_kinematics_plugin[0m
[ 82%] [32m[1mLinking CXX shared library /home/irobotics/ws_moveit/devel/.private/moveit_kinematics/lib/libmoveit_cached_ik_kinematics_plugin.so[0m
[ 88%] Built target moveit_cached_ik_kinematics_plugin
[ 94%] Built target benchmark_ik
[100%] Built target test_kinematics_plugin
