[35m[1mConsolidate compiler generated dependencies of target moveit_py_bindings_tools[0m
[35m[1mConsolidate compiler generated dependencies of target moveit_common_planning_interface_objects[0m
[  4%] [32m[1mLinking CXX shared library /home/irobotics/ws_moveit/devel/.private/moveit_ros_planning_interface/lib/libmoveit_common_planning_interface_objects.so[0m
[  9%] [32m[1mLinking CXX shared library /home/irobotics/ws_moveit/devel/.private/moveit_ros_planning_interface/lib/libmoveit_py_bindings_tools.so[0m
[ 13%] Built target moveit_common_planning_interface_objects
[ 13%] Built target std_srvs_generate_messages_nodejs
[ 13%] Built target std_srvs_generate_messages_lisp
[ 18%] Built target moveit_py_bindings_tools
[ 18%] Built target std_srvs_generate_messages_eus
[ 18%] Built target tf_generate_messages_nodejs
[ 18%] Built target tf_generate_messages_lisp
[ 18%] Built target tf_generate_messages_cpp
[ 18%] Built target tf2_msgs_generate_messages_lisp
[ 18%] Built target visualization_msgs_generate_messages_py
[ 18%] Built target visualization_msgs_generate_messages_nodejs
[ 18%] Built target visualization_msgs_generate_messages_eus
[ 18%] Built target visualization_msgs_generate_messages_lisp
[ 18%] Built target dynamic_reconfigure_gencfg
[ 18%] Built target tf2_msgs_generate_messages_py
[ 18%] Built target dynamic_reconfigure_generate_messages_nodejs
[ 18%] Built target dynamic_reconfigure_generate_messages_lisp
[ 18%] Built target tf2_msgs_generate_messages_cpp
[ 18%] Built target dynamic_reconfigure_generate_messages_cpp
[ 18%] Built target rosgraph_msgs_generate_messages_lisp
[ 18%] Built target tf_generate_messages_eus
[ 18%] Built target roscpp_generate_messages_nodejs
[ 18%] Built target roscpp_generate_messages_lisp
[ 18%] Built target std_msgs_generate_messages_nodejs
[ 18%] Built target geometry_msgs_generate_messages_eus
[ 18%] Built target octomap_msgs_generate_messages_lisp
[ 18%] Built target std_srvs_generate_messages_py
[ 18%] Built target rosgraph_msgs_generate_messages_eus
[ 18%] Built target sensor_msgs_generate_messages_nodejs
[ 18%] Built target moveit_ros_planning_gencfg
[ 18%] Built target rosgraph_msgs_generate_messages_nodejs
[ 18%] Built target object_recognition_msgs_generate_messages_py
[ 18%] Built target visualization_msgs_generate_messages_cpp
[ 18%] Built target sensor_msgs_generate_messages_lisp
[ 18%] Built target sensor_msgs_generate_messages_eus
[ 18%] Built target roscpp_generate_messages_cpp
[ 18%] Built target _catkin_empty_exported_target
[ 18%] Built target moveit_ros_manipulation_gencfg
[ 18%] Built target actionlib_generate_messages_lisp
[ 18%] Built target shape_msgs_generate_messages_cpp
[ 18%] Built target actionlib_generate_messages_cpp
[ 18%] Built target geometry_msgs_generate_messages_cpp
[ 18%] Built target actionlib_msgs_generate_messages_py
[ 18%] Built target moveit_msgs_generate_messages_py
[ 18%] Built target tf2_msgs_generate_messages_eus
[ 18%] Built target object_recognition_msgs_generate_messages_lisp
[ 18%] Built target sensor_msgs_generate_messages_py
[ 18%] Built target moveit_msgs_generate_messages_eus
[ 18%] Built target geometry_msgs_generate_messages_py
[ 18%] Built target actionlib_msgs_generate_messages_eus
[ 18%] Built target sensor_msgs_generate_messages_cpp
[ 18%] Built target dynamic_reconfigure_generate_messages_py
[ 18%] Built target std_msgs_generate_messages_py
[ 18%] Built target moveit_msgs_generate_messages_cpp
[ 18%] Built target trajectory_msgs_generate_messages_cpp
[ 18%] Built target actionlib_generate_messages_py
[ 18%] Built target std_msgs_generate_messages_cpp
[ 18%] Built target tf2_msgs_generate_messages_nodejs
[ 18%] Built target moveit_msgs_generate_messages_lisp
[ 18%] Built target std_msgs_generate_messages_lisp
[ 18%] Built target moveit_msgs_generate_messages_nodejs
[ 18%] Built target geometry_msgs_generate_messages_lisp
[ 18%] Built target tf_generate_messages_py
[ 18%] Built target actionlib_msgs_generate_messages_lisp
[ 18%] Built target actionlib_msgs_generate_messages_nodejs
[ 18%] Built target actionlib_msgs_generate_messages_cpp
[ 18%] Built target std_msgs_generate_messages_eus
[ 18%] Built target std_srvs_generate_messages_cpp
[ 18%] Built target dynamic_reconfigure_generate_messages_eus
[ 18%] Built target geometry_msgs_generate_messages_nodejs
[ 18%] Built target roscpp_generate_messages_py
[ 18%] Built target trajectory_msgs_generate_messages_nodejs
[ 18%] Built target trajectory_msgs_generate_messages_eus
[ 18%] Built target object_recognition_msgs_generate_messages_cpp
[ 18%] Built target actionlib_generate_messages_nodejs
[ 18%] Built target octomap_msgs_generate_messages_eus
[ 18%] Built target shape_msgs_generate_messages_lisp
[ 18%] Built target trajectory_msgs_generate_messages_lisp
[ 18%] Built target rosgraph_msgs_generate_messages_cpp
[ 18%] Built target actionlib_generate_messages_eus
[ 18%] Built target trajectory_msgs_generate_messages_py
[ 18%] Built target shape_msgs_generate_messages_eus
[ 18%] Built target rosgraph_msgs_generate_messages_py
[ 18%] Built target shape_msgs_generate_messages_nodejs
[ 18%] Built target object_recognition_msgs_generate_messages_eus
[ 18%] Built target shape_msgs_generate_messages_py
[ 18%] Built target object_recognition_msgs_generate_messages_nodejs
[ 18%] Built target octomap_msgs_generate_messages_nodejs
[ 18%] Built target octomap_msgs_generate_messages_cpp
[ 18%] Built target octomap_msgs_generate_messages_py
[35m[1mConsolidate compiler generated dependencies of target moveit_robot_interface_python[0m
[35m[1mConsolidate compiler generated dependencies of target moveit_planning_interface_test_serialize_msg_cpp_helper[0m
[ 18%] Built target roscpp_generate_messages_eus
[35m[1mConsolidate compiler generated dependencies of target moveit_py_bindings_tools_python[0m
[ 22%] [32m[1mLinking CXX shared library /home/irobotics/ws_moveit/devel/.private/moveit_ros_planning_interface/lib/python3/dist-packages/moveit_ros_planning_interface/_moveit_planning_interface_test_serialize_msg_cpp_helper.so[0m
[ 27%] [32m[1mLinking CXX shared library /home/irobotics/ws_moveit/devel/.private/moveit_ros_planning_interface/lib/python3/dist-packages/moveit_ros_planning_interface/_moveit_robot_interface.so[0m
[ 31%] [32m[1mLinking CXX shared library /home/irobotics/ws_moveit/devel/.private/moveit_ros_planning_interface/lib/python3/dist-packages/moveit_ros_planning_interface/_moveit_roscpp_initializer.so[0m
[ 36%] Built target moveit_py_bindings_tools_python
[35m[1mConsolidate compiler generated dependencies of target moveit_planning_scene_interface[0m
[ 40%] Built target moveit_planning_interface_test_serialize_msg_cpp_helper
[ 45%] [32m[1mLinking CXX shared library /home/irobotics/ws_moveit/devel/.private/moveit_ros_planning_interface/lib/libmoveit_planning_scene_interface.so[0m
[ 50%] Built target moveit_robot_interface_python
[ 54%] Built target moveit_planning_scene_interface
[35m[1mConsolidate compiler generated dependencies of target moveit_planning_scene_interface_python[0m
[35m[1mConsolidate compiler generated dependencies of target moveit_move_group_interface[0m
[ 59%] [32m[1mLinking CXX shared library /home/irobotics/ws_moveit/devel/.private/moveit_ros_planning_interface/lib/python3/dist-packages/moveit_ros_planning_interface/_moveit_planning_scene_interface.so[0m
[ 63%] [32m[1mLinking CXX shared library /home/irobotics/ws_moveit/devel/.private/moveit_ros_planning_interface/lib/libmoveit_move_group_interface.so[0m
[ 68%] Built target moveit_planning_scene_interface_python
[ 72%] Built target moveit_move_group_interface
[35m[1mConsolidate compiler generated dependencies of target demo[0m
[35m[1mConsolidate compiler generated dependencies of target moveit_move_group_interface_python[0m
[35m[1mConsolidate compiler generated dependencies of target test_cleanup[0m
[ 77%] [32m[1mLinking CXX executable /home/irobotics/ws_moveit/devel/.private/moveit_ros_planning_interface/lib/moveit_ros_planning_interface/test_cleanup[0m
[ 81%] [32m[1mLinking CXX shared library /home/irobotics/ws_moveit/devel/.private/moveit_ros_planning_interface/lib/python3/dist-packages/moveit_ros_planning_interface/_moveit_move_group_interface.so[0m
[ 86%] [32m[1mLinking CXX executable /home/irobotics/ws_moveit/devel/.private/moveit_ros_planning_interface/lib/moveit_ros_planning_interface/demo[0m
[ 90%] Built target test_cleanup
[ 95%] Built target demo
[100%] Built target moveit_move_group_interface_python
