[  0%] Built target sensor_msgs_generate_messages_lisp
[  0%] Built target octomap_msgs_generate_messages_py
[  0%] Built target octomap_msgs_generate_messages_nodejs
[  0%] Built target octomap_msgs_generate_messages_lisp
[  0%] Built target octomap_msgs_generate_messages_cpp
[  0%] Built target object_recognition_msgs_generate_messages_nodejs
[  0%] Built target object_recognition_msgs_generate_messages_lisp
[  0%] Built target object_recognition_msgs_generate_messages_eus
[  0%] Built target octomap_msgs_generate_messages_eus
[  0%] Built target object_recognition_msgs_generate_messages_cpp
[  0%] Built target trajectory_msgs_generate_messages_nodejs
[  0%] Built target trajectory_msgs_generate_messages_cpp
[  0%] Built target _catkin_empty_exported_target
[  0%] Built target sensor_msgs_generate_messages_nodejs
[  0%] Built target actionlib_generate_messages_lisp
[  0%] Built target roscpp_generate_messages_lisp
[  0%] Built target shape_msgs_generate_messages_cpp
[  0%] Built target actionlib_msgs_generate_messages_py
[  0%] Built target actionlib_msgs_generate_messages_cpp
[  0%] Built target actionlib_generate_messages_cpp
[  0%] Built target object_recognition_msgs_generate_messages_py
[  0%] Built target rosgraph_msgs_generate_messages_nodejs
[  0%] Built target actionlib_generate_messages_py
[  0%] Built target trajectory_msgs_generate_messages_lisp
[  0%] Built target shape_msgs_generate_messages_lisp
[  0%] Built target tf2_msgs_generate_messages_py
[  0%] Built target geometry_msgs_generate_messages_cpp
[  0%] Built target visualization_msgs_generate_messages_eus
[  0%] Built target moveit_msgs_generate_messages_py
[  0%] Built target tf2_msgs_generate_messages_cpp
[  0%] Built target std_msgs_generate_messages_cpp
[  0%] Built target std_msgs_generate_messages_py
[  0%] Built target std_msgs_generate_messages_nodejs
[  0%] Built target geometry_msgs_generate_messages_eus
[  0%] Built target geometry_msgs_generate_messages_py
[  0%] Built target moveit_msgs_generate_messages_eus
[  0%] Built target sensor_msgs_generate_messages_py
[  0%] Built target tf2_msgs_generate_messages_eus
[  0%] Built target roscpp_generate_messages_eus
[  0%] Built target actionlib_msgs_generate_messages_eus
[  0%] Built target rosgraph_msgs_generate_messages_lisp
[  0%] Built target shape_msgs_generate_messages_eus
[  0%] Built target tf2_msgs_generate_messages_lisp
[  0%] Built target geometry_msgs_generate_messages_nodejs
[  0%] Built target visualization_msgs_generate_messages_lisp
[  0%] Built target geometry_msgs_generate_messages_lisp
[  0%] Built target actionlib_msgs_generate_messages_nodejs
[  0%] Built target actionlib_msgs_generate_messages_lisp
[  0%] Built target std_msgs_generate_messages_eus
[  0%] Built target tf2_msgs_generate_messages_nodejs
[  0%] Built target std_msgs_generate_messages_lisp
[  0%] Built target moveit_msgs_generate_messages_lisp
[  0%] Built target actionlib_generate_messages_nodejs
[  0%] Built target roscpp_generate_messages_cpp
[  0%] Built target roscpp_generate_messages_nodejs
[  0%] Built target trajectory_msgs_generate_messages_eus
[  0%] Built target roscpp_generate_messages_py
[  0%] Built target rosgraph_msgs_generate_messages_py
[  0%] Built target shape_msgs_generate_messages_nodejs
[  0%] Built target trajectory_msgs_generate_messages_py
[  0%] Built target rosgraph_msgs_generate_messages_cpp
[  0%] Built target actionlib_generate_messages_eus
[  0%] Built target shape_msgs_generate_messages_py
[  0%] Built target rosgraph_msgs_generate_messages_eus
[  0%] Built target visualization_msgs_generate_messages_nodejs
[  0%] Built target moveit_msgs_generate_messages_cpp
[  0%] Built target visualization_msgs_generate_messages_py
[  0%] Built target moveit_msgs_generate_messages_nodejs
[  0%] Built target sensor_msgs_generate_messages_cpp
[  0%] Built target visualization_msgs_generate_messages_cpp
[  0%] Built target sensor_msgs_generate_messages_eus
[  3%] Built target moveit_exceptions
[  6%] Built target moveit_utils
[  7%] Built target moveit_profiler
[  9%] Built target moveit_version
[ 12%] Built target moveit_transforms
[ 15%] Built target moveit_kinematics_base
[ 17%] Built target moveit_background_processing
[ 19%] Built target gtest
[ 20%] Built target moveit_python_tools
[ 23%] Built target moveit_distance_field
[ 34%] Built target moveit_robot_model
[ 39%] Built target moveit_robot_state
[ 41%] Built target moveit_test_utils
[ 42%] Built target moveit_robot_trajectory
[ 44%] Built target moveit_kinematics_metrics
[ 46%] Built target moveit_dynamics_solver
[ 55%] Built target moveit_collision_detection
[ 60%] Built target robot_state_benchmark
[ 61%] Built target moveit_trajectory_processing
[ 65%] Built target moveit_planning_interface
[ 68%] Built target moveit_collision_detection_fcl
[ 73%] Built target moveit_collision_detection_bullet
[ 74%] Built target moveit_kinematic_constraints
[ 76%] Built target moveit_planning_scene
[ 77%] Built target moveit_planning_request_adapter
[ 79%] Built target collision_detector_fcl_plugin
[ 85%] Built target moveit_constraint_samplers
[ 87%] Built target collision_detector_bullet_plugin
[ 95%] Built target pymoveit_core
[100%] Built target moveit_collision_distance_field
